[2019-11-30T17:54:01.232] [DEBUG] cheese - login => username:duanke,password:123456
[2019-11-30T17:54:01.236] [DEBUG] cheese - duanke
[2019-11-30T17:54:01.250] [DEBUG] cheese - null
[2019-11-30T17:54:01.251] [DEBUG] cheese - null
[2019-11-30T17:57:32.461] [DEBUG] cheese - login => username:admin,password:123456
[2019-11-30T17:57:32.461] [DEBUG] cheese - admin
[2019-11-30T17:57:32.475] [DEBUG] cheese - null
[2019-11-30T17:57:32.475] [DEBUG] cheese - null
[2019-11-30T21:36:06.961] [DEBUG] cheese - login => username:duanke,password:123456
[2019-11-30T21:36:06.962] [DEBUG] cheese - duanke
[2019-11-30T21:36:06.972] [DEBUG] cheese - null
[2019-11-30T21:36:06.972] [DEBUG] cheese - null
[2019-11-30T21:37:18.030] [DEBUG] cheese - login => username:duanke,password:123456
[2019-11-30T21:37:18.030] [DEBUG] cheese - duanke
[2019-11-30T21:37:18.035] [DEBUG] cheese - null
[2019-11-30T21:37:18.035] [DEBUG] cheese - null
[2019-11-30T21:37:37.326] [DEBUG] cheese - login => username:admin,password:123456
[2019-11-30T21:37:37.326] [DEBUG] cheese - admin
[2019-11-30T21:37:37.333] [DEBUG] cheese - null
[2019-11-30T21:37:37.333] [DEBUG] cheese - null
[2019-11-30T21:38:48.941] [DEBUG] cheese - login => username:admin,password:123456
[2019-11-30T21:38:48.941] [DEBUG] cheese - admin
[2019-11-30T21:38:48.945] [DEBUG] cheese - null
[2019-11-30T21:38:48.945] [DEBUG] cheese - null
[2019-11-30T21:39:34.061] [DEBUG] cheese - login => username:admin,password:123456
[2019-11-30T21:39:34.061] [DEBUG] cheese - admin
[2019-11-30T21:39:34.065] [DEBUG] cheese - null
[2019-11-30T21:39:34.066] [DEBUG] cheese - null
[2019-11-30T21:41:08.070] [DEBUG] cheese - login => username:admin,password:123456
[2019-11-30T21:41:08.070] [DEBUG] cheese - admin
[2019-11-30T21:41:08.074] [DEBUG] cheese - null
[2019-11-30T21:41:08.074] [DEBUG] cheese - null
[2019-11-30T21:41:11.612] [DEBUG] cheese - login => username:admin,password:123456777
[2019-11-30T21:41:11.612] [DEBUG] cheese - admin
[2019-11-30T21:41:11.618] [DEBUG] cheese - null
[2019-11-30T21:41:11.618] [DEBUG] cheese - null
[2019-11-30T21:41:49.289] [DEBUG] cheese - login => username:admin,password:123456777
[2019-11-30T21:41:49.289] [DEBUG] cheese - admin
[2019-11-30T21:41:49.293] [DEBUG] cheese - null
[2019-11-30T21:41:49.293] [DEBUG] cheese - null
[2019-11-30T21:41:50.571] [DEBUG] cheese - login => username:admin,password:123456777
[2019-11-30T21:41:50.571] [DEBUG] cheese - admin
[2019-11-30T21:41:50.579] [DEBUG] cheese - null
[2019-11-30T21:41:50.579] [DEBUG] cheese - null
[2019-11-30T21:46:08.645] [DEBUG] cheese - login => username:122,password:1111
[2019-11-30T21:46:08.645] [DEBUG] cheese - 122
[2019-11-30T21:46:08.650] [DEBUG] cheese - null
[2019-11-30T21:46:08.650] [DEBUG] cheese - null
[2019-11-30T21:46:09.798] [DEBUG] cheese - login => username:122,password:1111
[2019-11-30T21:46:09.798] [DEBUG] cheese - 122
[2019-11-30T21:46:09.801] [DEBUG] cheese - null
[2019-11-30T21:46:09.801] [DEBUG] cheese - null
[2019-11-30T21:47:05.766] [DEBUG] cheese - login => username:1233,password:122
[2019-11-30T21:47:05.766] [DEBUG] cheese - 1233
[2019-11-30T21:47:05.768] [DEBUG] cheese - null
[2019-11-30T21:47:05.768] [DEBUG] cheese - null
[2019-11-30T21:47:39.253] [DEBUG] cheese - login => username:11111,password:111111
[2019-11-30T21:47:39.253] [DEBUG] cheese - 11111
[2019-11-30T21:47:39.255] [DEBUG] cheese - null
[2019-11-30T21:47:39.255] [DEBUG] cheese - null
[2019-11-30T21:47:44.394] [DEBUG] cheese - login => username:admin,password:123456
[2019-11-30T21:47:44.394] [DEBUG] cheese - admin
[2019-11-30T21:47:44.399] [DEBUG] cheese - null
[2019-11-30T21:47:44.399] [DEBUG] cheese - null
[2019-11-30T21:52:53.874] [DEBUG] cheese - login => username:admin,password:123456
[2019-11-30T21:52:53.874] [DEBUG] cheese - admin
[2019-11-30T21:52:53.883] [DEBUG] cheese - null
[2019-11-30T21:52:53.883] [DEBUG] cheese - null
[2019-11-30T21:55:45.804] [DEBUG] cheese - login => username:admin,password:123456
[2019-11-30T21:55:45.804] [DEBUG] cheese - admin
[2019-11-30T21:55:45.809] [DEBUG] cheese - null
[2019-11-30T21:55:45.809] [DEBUG] cheese - null
[2019-11-30T22:03:34.800] [DEBUG] cheese - login => username:admin,password:123456
[2019-11-30T22:03:34.800] [DEBUG] cheese - admin
[2019-11-30T22:03:34.807] [DEBUG] cheese - null
[2019-11-30T22:03:34.807] [DEBUG] cheese - null
[2019-12-01T15:06:40.521] [DEBUG] cheese - login => username:admin,password:123456
[2019-12-01T15:06:40.525] [DEBUG] cheese - admin
[2019-12-01T15:06:40.603] [DEBUG] cheese - null
[2019-12-01T15:06:40.603] [DEBUG] cheese - null
